PLINK v1.90b6.22 64-bit (16 Apr 2021)
Options in effect:
  --bfile GreSalVL_b37_AllelesUpdatedNewMap
  --out GreSalVL_b37_AllelesUpdatedNewMapPED
  --recode

Hostname: manjaro
Working directory: /home/francesco/Dropbox/Corsi/Antropologia_Molecolare_e_genetica_delle_dipendenze/MolAnthEx
Start time: Mon May 31 13:29:43 2021

Random number seed: 1622460583
9409 MB RAM detected; reserving 4704 MB for main workspace.
299140 variants loaded from .bim file.
217 people (0 males, 0 females, 217 ambiguous) loaded from .fam.
Ambiguous sex IDs written to GreSalVL_b37_AllelesUpdatedNewMapPED.nosex .
217 phenotype values loaded from .fam.
Warning: Ignoring phenotypes of missing-sex samples.  If you don't want those
phenotypes to be ignored, use the --allow-no-sex flag.
Using 1 thread (no multithreaded calculations invoked).
Before main variant filters, 217 founders and 0 nonfounders present.
Calculating allele frequencies... done.
Warning: Nonmissing nonmale Y chromosome genotype(s) present; many commands
treat these as missing.
Total genotyping rate is 0.976208.
299140 variants and 217 people pass filters and QC.
Among remaining phenotypes, 51 are cases and 166 are controls.
--recode ped to GreSalVL_b37_AllelesUpdatedNewMapPED.ped +
GreSalVL_b37_AllelesUpdatedNewMapPED.map ... done.

End time: Mon May 31 13:29:47 2021
